{"C:\\Users\\carla\\Documents\\Bruno\\Case Anka Tech\\backend\\src\\lib\\prisma.ts": {"path":"C:\\Users\\carla\\Documents\\Bruno\\Case Anka Tech\\backend\\src\\lib\\prisma.ts","statementMap":{"0":{"start":{"line":1,"column":0},"end":{"line":1,"column":45}},"1":{"start":{"line":3,"column":13},"end":{"line":3,"column":null}}},"fnMap":{},"branchMap":{},"s":{"0":11,"1":11},"f":{},"b":{}}
,"C:\\Users\\carla\\Documents\\Bruno\\Case Anka Tech\\backend\\src\\plugins\\jwt.ts": {"path":"C:\\Users\\carla\\Documents\\Bruno\\Case Anka Tech\\backend\\src\\plugins\\jwt.ts","statementMap":{"0":{"start":{"line":1,"column":0},"end":{"line":1,"column":31}},"1":{"start":{"line":2,"column":0},"end":{"line":2,"column":30}},"2":{"start":{"line":13,"column":0},"end":{"line":39,"column":null}},"3":{"start":{"line":14,"column":2},"end":{"line":17,"column":null}},"4":{"start":{"line":19,"column":2},"end":{"line":25,"column":null}},"5":{"start":{"line":20,"column":4},"end":{"line":24,"column":5}},"6":{"start":{"line":21,"column":6},"end":{"line":21,"column":null}},"7":{"start":{"line":23,"column":6},"end":{"line":23,"column":null}},"8":{"start":{"line":27,"column":2},"end":{"line":38,"column":null}},"9":{"start":{"line":28,"column":4},"end":{"line":37,"column":null}},"10":{"start":{"line":29,"column":6},"end":{"line":33,"column":7}},"11":{"start":{"line":30,"column":8},"end":{"line":30,"column":null}},"12":{"start":{"line":32,"column":8},"end":{"line":32,"column":null}},"13":{"start":{"line":34,"column":6},"end":{"line":36,"column":7}},"14":{"start":{"line":35,"column":8},"end":{"line":35,"column":null}}},"fnMap":{"0":{"name":"(anonymous_1)","decl":{"start":{"line":13,"column":18},"end":{"line":13,"column":23}},"loc":{"start":{"line":13,"column":54},"end":{"line":39,"column":1}}},"1":{"name":"(anonymous_2)","decl":{"start":{"line":19,"column":31},"end":{"line":19,"column":36}},"loc":{"start":{"line":19,"column":50},"end":{"line":25,"column":3}}},"2":{"name":"(anonymous_3)","decl":{"start":{"line":27,"column":28},"end":{"line":27,"column":29}},"loc":{"start":{"line":27,"column":41},"end":{"line":38,"column":3}}},"3":{"name":"(anonymous_4)","decl":{"start":{"line":28,"column":11},"end":{"line":28,"column":16}},"loc":{"start":{"line":28,"column":30},"end":{"line":37,"column":5}}}},"branchMap":{"0":{"loc":{"start":{"line":16,"column":23},"end":{"line":16,"column":57}},"type":"binary-expr","locations":[{"start":{"line":16,"column":23},"end":{"line":16,"column":49}},{"start":{"line":16,"column":53},"end":{"line":16,"column":57}}]},"1":{"loc":{"start":{"line":34,"column":6},"end":{"line":36,"column":7}},"type":"if","locations":[{"start":{"line":34,"column":6},"end":{"line":36,"column":7}},{"start":{},"end":{}}]},"2":{"loc":{"start":{"line":34,"column":10},"end":{"line":34,"column":56}},"type":"binary-expr","locations":[{"start":{"line":34,"column":10},"end":{"line":34,"column":22}},{"start":{"line":34,"column":26},"end":{"line":34,"column":56}}]}},"s":{"0":11,"1":11,"2":11,"3":53,"4":53,"5":37,"6":37,"7":5,"8":53,"9":795,"10":88,"11":88,"12":0,"13":88,"14":4},"f":{"0":53,"1":37,"2":795,"3":88},"b":{"0":[53,0],"1":[4,84],"2":[88,88]}}
,"C:\\Users\\carla\\Documents\\Bruno\\Case Anka Tech\\backend\\src\\routes\\alignment.ts": {"path":"C:\\Users\\carla\\Documents\\Bruno\\Case Anka Tech\\backend\\src\\routes\\alignment.ts","statementMap":{"0":{"start":{"line":4,"column":0},"end":{"line":4,"column":7}},"1":{"start":{"line":2,"column":0},"end":{"line":2,"column":38}},"2":{"start":{"line":5,"column":2},"end":{"line":41,"column":null}},"3":{"start":{"line":9,"column":21},"end":{"line":9,"column":49}},"4":{"start":{"line":11,"column":21},"end":{"line":14,"column":8}},"5":{"start":{"line":16,"column":6},"end":{"line":18,"column":7}},"6":{"start":{"line":17,"column":8},"end":{"line":17,"column":null}},"7":{"start":{"line":20,"column":6},"end":{"line":22,"column":7}},"8":{"start":{"line":21,"column":8},"end":{"line":21,"column":null}},"9":{"start":{"line":24,"column":25},"end":{"line":24,"column":81}},"10":{"start":{"line":24,"column":60},"end":{"line":24,"column":77}},"11":{"start":{"line":25,"column":24},"end":{"line":25,"column":63}},"12":{"start":{"line":27,"column":19},"end":{"line":27,"column":21}},"13":{"start":{"line":28,"column":6},"end":{"line":31,"column":null}},"14":{"start":{"line":28,"column":26},"end":{"line":28,"column":null}},"15":{"start":{"line":29,"column":11},"end":{"line":31,"column":null}},"16":{"start":{"line":29,"column":31},"end":{"line":29,"column":null}},"17":{"start":{"line":30,"column":11},"end":{"line":31,"column":null}},"18":{"start":{"line":30,"column":31},"end":{"line":30,"column":null}},"19":{"start":{"line":31,"column":11},"end":{"line":31,"column":null}},"20":{"start":{"line":33,"column":6},"end":{"line":39,"column":null}}},"fnMap":{"0":{"name":"alignmentRoutes","decl":{"start":{"line":4,"column":22},"end":{"line":4,"column":37}},"loc":{"start":{"line":4,"column":58},"end":{"line":42,"column":1}}},"1":{"name":"(anonymous_1)","decl":{"start":{"line":8,"column":4},"end":{"line":8,"column":9}},"loc":{"start":{"line":8,"column":23},"end":{"line":40,"column":5}}},"2":{"name":"(anonymous_2)","decl":{"start":{"line":24,"column":45},"end":{"line":24,"column":46}},"loc":{"start":{"line":24,"column":60},"end":{"line":24,"column":77}}}},"branchMap":{"0":{"loc":{"start":{"line":16,"column":6},"end":{"line":18,"column":7}},"type":"if","locations":[{"start":{"line":16,"column":6},"end":{"line":18,"column":7}},{"start":{},"end":{}}]},"1":{"loc":{"start":{"line":20,"column":6},"end":{"line":22,"column":7}},"type":"if","locations":[{"start":{"line":20,"column":6},"end":{"line":22,"column":7}},{"start":{},"end":{}}]},"2":{"loc":{"start":{"line":28,"column":6},"end":{"line":31,"column":null}},"type":"if","locations":[{"start":{"line":28,"column":6},"end":{"line":31,"column":null}},{"start":{"line":29,"column":11},"end":{"line":31,"column":null}}]},"3":{"loc":{"start":{"line":29,"column":11},"end":{"line":31,"column":null}},"type":"if","locations":[{"start":{"line":29,"column":11},"end":{"line":31,"column":null}},{"start":{"line":30,"column":11},"end":{"line":31,"column":null}}]},"4":{"loc":{"start":{"line":30,"column":11},"end":{"line":31,"column":null}},"type":"if","locations":[{"start":{"line":30,"column":11},"end":{"line":31,"column":null}},{"start":{"line":31,"column":11},"end":{"line":31,"column":null}}]}},"s":{"0":11,"1":11,"2":53,"3":6,"4":6,"5":6,"6":1,"7":5,"8":1,"9":4,"10":4,"11":4,"12":4,"13":4,"14":1,"15":3,"16":1,"17":2,"18":1,"19":1,"20":4},"f":{"0":53,"1":6,"2":4},"b":{"0":[1,5],"1":[1,4],"2":[1,3],"3":[1,2],"4":[1,1]}}
,"C:\\Users\\carla\\Documents\\Bruno\\Case Anka Tech\\backend\\src\\routes\\auth.ts": {"path":"C:\\Users\\carla\\Documents\\Bruno\\Case Anka Tech\\backend\\src\\routes\\auth.ts","statementMap":{"0":{"start":{"line":6,"column":0},"end":{"line":6,"column":7}},"1":{"start":{"line":2,"column":0},"end":{"line":2,"column":38}},"2":{"start":{"line":3,"column":0},"end":{"line":3,"column":59}},"3":{"start":{"line":4,"column":0},"end":{"line":4,"column":29}},"4":{"start":{"line":8,"column":18},"end":{"line":8,"column":43}},"5":{"start":{"line":9,"column":4},"end":{"line":9,"column":null}},"6":{"start":{"line":12,"column":2},"end":{"line":43,"column":null}},"7":{"start":{"line":13,"column":19},"end":{"line":13,"column":51}},"8":{"start":{"line":14,"column":4},"end":{"line":14,"column":null}},"9":{"start":{"line":14,"column":25},"end":{"line":14,"column":null}},"10":{"start":{"line":16,"column":38},"end":{"line":16,"column":49}},"11":{"start":{"line":17,"column":24},"end":{"line":17,"column":52}},"12":{"start":{"line":19,"column":19},"end":{"line":19,"column":69}},"13":{"start":{"line":20,"column":4},"end":{"line":20,"column":null}},"14":{"start":{"line":20,"column":16},"end":{"line":20,"column":null}},"15":{"start":{"line":22,"column":4},"end":{"line":34,"column":5}},"16":{"start":{"line":23,"column":24},"end":{"line":23,"column":42}},"17":{"start":{"line":24,"column":6},"end":{"line":33,"column":7}},"18":{"start":{"line":25,"column":8},"end":{"line":29,"column":9}},"19":{"start":{"line":26,"column":10},"end":{"line":26,"column":null}},"20":{"start":{"line":28,"column":10},"end":{"line":28,"column":null}},"21":{"start":{"line":30,"column":8},"end":{"line":32,"column":9}},"22":{"start":{"line":31,"column":10},"end":{"line":31,"column":null}},"23":{"start":{"line":36,"column":25},"end":{"line":36,"column":56}},"24":{"start":{"line":37,"column":17},"end":{"line":40,"column":6}},"25":{"start":{"line":42,"column":4},"end":{"line":42,"column":null}},"26":{"start":{"line":45,"column":2},"end":{"line":67,"column":null}},"27":{"start":{"line":46,"column":19},"end":{"line":46,"column":50}},"28":{"start":{"line":47,"column":4},"end":{"line":47,"column":null}},"29":{"start":{"line":47,"column":25},"end":{"line":47,"column":null}},"30":{"start":{"line":49,"column":32},"end":{"line":49,"column":43}},"31":{"start":{"line":50,"column":17},"end":{"line":50,"column":67}},"32":{"start":{"line":51,"column":4},"end":{"line":51,"column":null}},"33":{"start":{"line":51,"column":15},"end":{"line":51,"column":null}},"34":{"start":{"line":53,"column":15},"end":{"line":53,"column":64}},"35":{"start":{"line":54,"column":4},"end":{"line":54,"column":null}},"36":{"start":{"line":54,"column":13},"end":{"line":54,"column":null}},"37":{"start":{"line":56,"column":18},"end":{"line":61,"column":6}},"38":{"start":{"line":63,"column":4},"end":{"line":66,"column":null}},"39":{"start":{"line":69,"column":2},"end":{"line":71,"column":null}},"40":{"start":{"line":70,"column":4},"end":{"line":70,"column":null}}},"fnMap":{"0":{"name":"authRoutes","decl":{"start":{"line":6,"column":22},"end":{"line":6,"column":32}},"loc":{"start":{"line":6,"column":53},"end":{"line":72,"column":1}}},"1":{"name":"noUsersYet","decl":{"start":{"line":7,"column":17},"end":{"line":7,"column":27}},"loc":{"start":{"line":7,"column":27},"end":{"line":10,"column":3}}},"2":{"name":"(anonymous_3)","decl":{"start":{"line":12,"column":47},"end":{"line":12,"column":52}},"loc":{"start":{"line":12,"column":66},"end":{"line":43,"column":3}}},"3":{"name":"(anonymous_4)","decl":{"start":{"line":45,"column":26},"end":{"line":45,"column":31}},"loc":{"start":{"line":45,"column":45},"end":{"line":67,"column":3}}},"4":{"name":"(anonymous_5)","decl":{"start":{"line":69,"column":53},"end":{"line":69,"column":58}},"loc":{"start":{"line":69,"column":67},"end":{"line":71,"column":3}}}},"branchMap":{"0":{"loc":{"start":{"line":14,"column":4},"end":{"line":14,"column":null}},"type":"if","locations":[{"start":{"line":14,"column":4},"end":{"line":14,"column":null}},{"start":{},"end":{}}]},"1":{"loc":{"start":{"line":17,"column":24},"end":{"line":17,"column":52}},"type":"binary-expr","locations":[{"start":{"line":17,"column":24},"end":{"line":17,"column":40}},{"start":{"line":17,"column":44},"end":{"line":17,"column":52}}]},"2":{"loc":{"start":{"line":20,"column":4},"end":{"line":20,"column":null}},"type":"if","locations":[{"start":{"line":20,"column":4},"end":{"line":20,"column":null}},{"start":{},"end":{}}]},"3":{"loc":{"start":{"line":22,"column":4},"end":{"line":34,"column":5}},"type":"if","locations":[{"start":{"line":22,"column":4},"end":{"line":34,"column":5}},{"start":{},"end":{}}]},"4":{"loc":{"start":{"line":24,"column":6},"end":{"line":33,"column":7}},"type":"if","locations":[{"start":{"line":24,"column":6},"end":{"line":33,"column":7}},{"start":{},"end":{}}]},"5":{"loc":{"start":{"line":30,"column":8},"end":{"line":32,"column":9}},"type":"if","locations":[{"start":{"line":30,"column":8},"end":{"line":32,"column":9}},{"start":{},"end":{}}]},"6":{"loc":{"start":{"line":47,"column":4},"end":{"line":47,"column":null}},"type":"if","locations":[{"start":{"line":47,"column":4},"end":{"line":47,"column":null}},{"start":{},"end":{}}]},"7":{"loc":{"start":{"line":51,"column":4},"end":{"line":51,"column":null}},"type":"if","locations":[{"start":{"line":51,"column":4},"end":{"line":51,"column":null}},{"start":{},"end":{}}]},"8":{"loc":{"start":{"line":54,"column":4},"end":{"line":54,"column":null}},"type":"if","locations":[{"start":{"line":54,"column":4},"end":{"line":54,"column":null}},{"start":{},"end":{}}]}},"s":{"0":11,"1":11,"2":11,"3":11,"4":51,"5":51,"6":53,"7":59,"8":59,"9":1,"10":58,"11":58,"12":58,"13":58,"14":1,"15":57,"16":51,"17":51,"18":2,"19":2,"20":1,"21":1,"22":1,"23":55,"24":55,"25":55,"26":53,"27":56,"28":56,"29":1,"30":55,"31":55,"32":55,"33":1,"34":54,"35":54,"36":1,"37":53,"38":53,"39":53,"40":1},"f":{"0":53,"1":51,"2":59,"3":56,"4":1},"b":{"0":[1,58],"1":[58,1],"2":[1,57],"3":[51,6],"4":[2,49],"5":[1,0],"6":[1,55],"7":[1,54],"8":[1,53]}}
,"C:\\Users\\carla\\Documents\\Bruno\\Case Anka Tech\\backend\\src\\routes\\clients.ts": {"path":"C:\\Users\\carla\\Documents\\Bruno\\Case Anka Tech\\backend\\src\\routes\\clients.ts","statementMap":{"0":{"start":{"line":5,"column":0},"end":{"line":5,"column":7}},"1":{"start":{"line":2,"column":0},"end":{"line":2,"column":38}},"2":{"start":{"line":3,"column":0},"end":{"line":3,"column":74}},"3":{"start":{"line":6,"column":2},"end":{"line":8,"column":null}},"4":{"start":{"line":7,"column":4},"end":{"line":7,"column":null}},"5":{"start":{"line":10,"column":2},"end":{"line":16,"column":null}},"6":{"start":{"line":11,"column":19},"end":{"line":11,"column":47}},"7":{"start":{"line":12,"column":19},"end":{"line":12,"column":68}},"8":{"start":{"line":14,"column":4},"end":{"line":14,"column":null}},"9":{"start":{"line":14,"column":17},"end":{"line":14,"column":null}},"10":{"start":{"line":15,"column":4},"end":{"line":15,"column":null}},"11":{"start":{"line":18,"column":2},"end":{"line":24,"column":null}},"12":{"start":{"line":19,"column":19},"end":{"line":19,"column":57}},"13":{"start":{"line":20,"column":4},"end":{"line":20,"column":null}},"14":{"start":{"line":20,"column":25},"end":{"line":20,"column":null}},"15":{"start":{"line":22,"column":19},"end":{"line":22,"column":68}},"16":{"start":{"line":23,"column":4},"end":{"line":23,"column":null}},"17":{"start":{"line":26,"column":2},"end":{"line":36,"column":null}},"18":{"start":{"line":27,"column":19},"end":{"line":27,"column":47}},"19":{"start":{"line":28,"column":19},"end":{"line":28,"column":57}},"20":{"start":{"line":29,"column":4},"end":{"line":29,"column":null}},"21":{"start":{"line":29,"column":25},"end":{"line":29,"column":null}},"22":{"start":{"line":31,"column":19},"end":{"line":34,"column":6}},"23":{"start":{"line":35,"column":4},"end":{"line":35,"column":null}},"24":{"start":{"line":38,"column":2},"end":{"line":42,"column":null}},"25":{"start":{"line":39,"column":19},"end":{"line":39,"column":47}},"26":{"start":{"line":40,"column":4},"end":{"line":40,"column":null}},"27":{"start":{"line":41,"column":4},"end":{"line":41,"column":null}}},"fnMap":{"0":{"name":"clientRoutes","decl":{"start":{"line":5,"column":22},"end":{"line":5,"column":34}},"loc":{"start":{"line":5,"column":55},"end":{"line":43,"column":1}}},"1":{"name":"(anonymous_1)","decl":{"start":{"line":6,"column":58},"end":{"line":6,"column":63}},"loc":{"start":{"line":6,"column":69},"end":{"line":8,"column":3}}},"2":{"name":"(anonymous_2)","decl":{"start":{"line":10,"column":62},"end":{"line":10,"column":67}},"loc":{"start":{"line":10,"column":81},"end":{"line":16,"column":3}}},"3":{"name":"(anonymous_3)","decl":{"start":{"line":18,"column":67},"end":{"line":18,"column":72}},"loc":{"start":{"line":18,"column":86},"end":{"line":24,"column":3}}},"4":{"name":"(anonymous_4)","decl":{"start":{"line":26,"column":70},"end":{"line":26,"column":75}},"loc":{"start":{"line":26,"column":89},"end":{"line":36,"column":3}}},"5":{"name":"(anonymous_5)","decl":{"start":{"line":38,"column":73},"end":{"line":38,"column":78}},"loc":{"start":{"line":38,"column":92},"end":{"line":42,"column":3}}}},"branchMap":{"0":{"loc":{"start":{"line":14,"column":4},"end":{"line":14,"column":null}},"type":"if","locations":[{"start":{"line":14,"column":4},"end":{"line":14,"column":null}},{"start":{},"end":{}}]},"1":{"loc":{"start":{"line":20,"column":4},"end":{"line":20,"column":null}},"type":"if","locations":[{"start":{"line":20,"column":4},"end":{"line":20,"column":null}},{"start":{},"end":{}}]},"2":{"loc":{"start":{"line":29,"column":4},"end":{"line":29,"column":null}},"type":"if","locations":[{"start":{"line":29,"column":4},"end":{"line":29,"column":null}},{"start":{},"end":{}}]}},"s":{"0":11,"1":11,"2":11,"3":53,"4":1,"5":53,"6":3,"7":3,"8":3,"9":2,"10":1,"11":53,"12":36,"13":36,"14":1,"15":35,"16":35,"17":53,"18":3,"19":3,"20":3,"21":1,"22":2,"23":2,"24":53,"25":3,"26":3,"27":3},"f":{"0":53,"1":1,"2":3,"3":36,"4":3,"5":3},"b":{"0":[2,1],"1":[1,35],"2":[1,2]}}
,"C:\\Users\\carla\\Documents\\Bruno\\Case Anka Tech\\backend\\src\\routes\\events.ts": {"path":"C:\\Users\\carla\\Documents\\Bruno\\Case Anka Tech\\backend\\src\\routes\\events.ts","statementMap":{"0":{"start":{"line":5,"column":0},"end":{"line":5,"column":7}},"1":{"start":{"line":2,"column":0},"end":{"line":2,"column":38}},"2":{"start":{"line":3,"column":0},"end":{"line":3,"column":71}},"3":{"start":{"line":6,"column":2},"end":{"line":18,"column":null}},"4":{"start":{"line":7,"column":19},"end":{"line":7,"column":56}},"5":{"start":{"line":8,"column":4},"end":{"line":8,"column":null}},"6":{"start":{"line":8,"column":25},"end":{"line":8,"column":null}},"7":{"start":{"line":10,"column":17},"end":{"line":10,"column":28}},"8":{"start":{"line":11,"column":18},"end":{"line":16,"column":6}},"9":{"start":{"line":17,"column":4},"end":{"line":17,"column":null}},"10":{"start":{"line":20,"column":2},"end":{"line":24,"column":null}},"11":{"start":{"line":21,"column":25},"end":{"line":21,"column":59}},"12":{"start":{"line":22,"column":19},"end":{"line":22,"column":71}},"13":{"start":{"line":23,"column":4},"end":{"line":23,"column":null}},"14":{"start":{"line":26,"column":2},"end":{"line":33,"column":null}},"15":{"start":{"line":27,"column":19},"end":{"line":27,"column":47}},"16":{"start":{"line":28,"column":19},"end":{"line":28,"column":56}},"17":{"start":{"line":29,"column":4},"end":{"line":29,"column":null}},"18":{"start":{"line":29,"column":25},"end":{"line":29,"column":null}},"19":{"start":{"line":31,"column":20},"end":{"line":31,"column":83}},"20":{"start":{"line":32,"column":4},"end":{"line":32,"column":null}},"21":{"start":{"line":35,"column":2},"end":{"line":39,"column":null}},"22":{"start":{"line":36,"column":19},"end":{"line":36,"column":47}},"23":{"start":{"line":37,"column":4},"end":{"line":37,"column":null}},"24":{"start":{"line":38,"column":4},"end":{"line":38,"column":null}}},"fnMap":{"0":{"name":"eventRoutes","decl":{"start":{"line":5,"column":22},"end":{"line":5,"column":33}},"loc":{"start":{"line":5,"column":54},"end":{"line":40,"column":1}}},"1":{"name":"(anonymous_1)","decl":{"start":{"line":6,"column":66},"end":{"line":6,"column":71}},"loc":{"start":{"line":6,"column":85},"end":{"line":18,"column":3}}},"2":{"name":"(anonymous_2)","decl":{"start":{"line":20,"column":75},"end":{"line":20,"column":80}},"loc":{"start":{"line":20,"column":94},"end":{"line":24,"column":3}}},"3":{"name":"(anonymous_3)","decl":{"start":{"line":26,"column":69},"end":{"line":26,"column":74}},"loc":{"start":{"line":26,"column":88},"end":{"line":33,"column":3}}},"4":{"name":"(anonymous_4)","decl":{"start":{"line":35,"column":72},"end":{"line":35,"column":77}},"loc":{"start":{"line":35,"column":91},"end":{"line":39,"column":3}}}},"branchMap":{"0":{"loc":{"start":{"line":8,"column":4},"end":{"line":8,"column":null}},"type":"if","locations":[{"start":{"line":8,"column":4},"end":{"line":8,"column":null}},{"start":{},"end":{}}]},"1":{"loc":{"start":{"line":14,"column":17},"end":{"line":14,"column":37}},"type":"binary-expr","locations":[{"start":{"line":14,"column":17},"end":{"line":14,"column":29}},{"start":{"line":14,"column":33},"end":{"line":14,"column":37}}]},"2":{"loc":{"start":{"line":29,"column":4},"end":{"line":29,"column":null}},"type":"if","locations":[{"start":{"line":29,"column":4},"end":{"line":29,"column":null}},{"start":{},"end":{}}]}},"s":{"0":11,"1":11,"2":11,"3":53,"4":8,"5":8,"6":1,"7":7,"8":7,"9":7,"10":53,"11":2,"12":2,"13":2,"14":53,"15":2,"16":2,"17":2,"18":1,"19":1,"20":1,"21":53,"22":1,"23":1,"24":1},"f":{"0":53,"1":8,"2":2,"3":2,"4":1},"b":{"0":[1,7],"1":[7,5],"2":[1,1]}}
,"C:\\Users\\carla\\Documents\\Bruno\\Case Anka Tech\\backend\\src\\routes\\goals.ts": {"path":"C:\\Users\\carla\\Documents\\Bruno\\Case Anka Tech\\backend\\src\\routes\\goals.ts","statementMap":{"0":{"start":{"line":12,"column":0},"end":{"line":12,"column":7}},"1":{"start":{"line":2,"column":0},"end":{"line":2,"column":38}},"2":{"start":{"line":3,"column":0},"end":{"line":3,"column":23}},"3":{"start":{"line":5,"column":25},"end":{"line":10,"column":2}},"4":{"start":{"line":13,"column":2},"end":{"line":19,"column":null}},"5":{"start":{"line":14,"column":19},"end":{"line":14,"column":55}},"6":{"start":{"line":15,"column":4},"end":{"line":15,"column":null}},"7":{"start":{"line":15,"column":25},"end":{"line":15,"column":null}},"8":{"start":{"line":17,"column":17},"end":{"line":17,"column":64}},"9":{"start":{"line":18,"column":4},"end":{"line":18,"column":null}},"10":{"start":{"line":21,"column":2},"end":{"line":30,"column":null}},"11":{"start":{"line":22,"column":25},"end":{"line":22,"column":59}},"12":{"start":{"line":24,"column":18},"end":{"line":27,"column":6}},"13":{"start":{"line":29,"column":4},"end":{"line":29,"column":null}},"14":{"start":{"line":32,"column":2},"end":{"line":37,"column":null}},"15":{"start":{"line":33,"column":19},"end":{"line":33,"column":47}},"16":{"start":{"line":35,"column":4},"end":{"line":35,"column":null}},"17":{"start":{"line":36,"column":4},"end":{"line":36,"column":null}}},"fnMap":{"0":{"name":"goalRoutes","decl":{"start":{"line":12,"column":22},"end":{"line":12,"column":32}},"loc":{"start":{"line":12,"column":53},"end":{"line":38,"column":1}}},"1":{"name":"(anonymous_1)","decl":{"start":{"line":13,"column":65},"end":{"line":13,"column":70}},"loc":{"start":{"line":13,"column":84},"end":{"line":19,"column":3}}},"2":{"name":"(anonymous_2)","decl":{"start":{"line":21,"column":74},"end":{"line":21,"column":79}},"loc":{"start":{"line":21,"column":93},"end":{"line":30,"column":3}}},"3":{"name":"(anonymous_3)","decl":{"start":{"line":32,"column":71},"end":{"line":32,"column":76}},"loc":{"start":{"line":32,"column":90},"end":{"line":37,"column":3}}}},"branchMap":{"0":{"loc":{"start":{"line":15,"column":4},"end":{"line":15,"column":null}},"type":"if","locations":[{"start":{"line":15,"column":4},"end":{"line":15,"column":null}},{"start":{},"end":{}}]}},"s":{"0":11,"1":11,"2":11,"3":11,"4":53,"5":6,"6":6,"7":1,"8":5,"9":5,"10":53,"11":2,"12":2,"13":2,"14":53,"15":1,"16":1,"17":1},"f":{"0":53,"1":6,"2":2,"3":1},"b":{"0":[1,5]}}
,"C:\\Users\\carla\\Documents\\Bruno\\Case Anka Tech\\backend\\src\\routes\\healthcheck.ts": {"path":"C:\\Users\\carla\\Documents\\Bruno\\Case Anka Tech\\backend\\src\\routes\\healthcheck.ts","statementMap":{"0":{"start":{"line":3,"column":0},"end":{"line":3,"column":7}},"1":{"start":{"line":4,"column":2},"end":{"line":6,"column":null}},"2":{"start":{"line":5,"column":4},"end":{"line":5,"column":null}}},"fnMap":{"0":{"name":"healthcheckRoutes","decl":{"start":{"line":3,"column":22},"end":{"line":3,"column":39}},"loc":{"start":{"line":3,"column":60},"end":{"line":7,"column":1}}},"1":{"name":"(anonymous_1)","decl":{"start":{"line":4,"column":21},"end":{"line":4,"column":26}},"loc":{"start":{"line":4,"column":32},"end":{"line":6,"column":3}}}},"branchMap":{},"s":{"0":11,"1":53,"2":1},"f":{"0":53,"1":1},"b":{}}
,"C:\\Users\\carla\\Documents\\Bruno\\Case Anka Tech\\backend\\src\\routes\\insurances.ts": {"path":"C:\\Users\\carla\\Documents\\Bruno\\Case Anka Tech\\backend\\src\\routes\\insurances.ts","statementMap":{"0":{"start":{"line":6,"column":0},"end":{"line":6,"column":7}},"1":{"start":{"line":2,"column":0},"end":{"line":2,"column":38}},"2":{"start":{"line":3,"column":0},"end":{"line":3,"column":83}},"3":{"start":{"line":7,"column":2},"end":{"line":26,"column":null}},"4":{"start":{"line":11,"column":21},"end":{"line":11,"column":62}},"5":{"start":{"line":12,"column":6},"end":{"line":12,"column":null}},"6":{"start":{"line":12,"column":27},"end":{"line":12,"column":null}},"7":{"start":{"line":14,"column":63},"end":{"line":14,"column":74}},"8":{"start":{"line":15,"column":24},"end":{"line":23,"column":8}},"9":{"start":{"line":24,"column":6},"end":{"line":24,"column":null}},"10":{"start":{"line":28,"column":2},"end":{"line":39,"column":null}},"11":{"start":{"line":32,"column":27},"end":{"line":32,"column":61}},"12":{"start":{"line":33,"column":20},"end":{"line":36,"column":8}},"13":{"start":{"line":37,"column":6},"end":{"line":37,"column":null}},"14":{"start":{"line":41,"column":2},"end":{"line":59,"column":null}},"15":{"start":{"line":45,"column":21},"end":{"line":45,"column":49}},"16":{"start":{"line":46,"column":21},"end":{"line":46,"column":62}},"17":{"start":{"line":47,"column":6},"end":{"line":47,"column":null}},"18":{"start":{"line":47,"column":27},"end":{"line":47,"column":null}},"19":{"start":{"line":49,"column":37},"end":{"line":49,"column":48}},"20":{"start":{"line":50,"column":22},"end":{"line":56,"column":8}},"21":{"start":{"line":57,"column":6},"end":{"line":57,"column":null}},"22":{"start":{"line":61,"column":2},"end":{"line":69,"column":null}},"23":{"start":{"line":65,"column":21},"end":{"line":65,"column":49}},"24":{"start":{"line":66,"column":6},"end":{"line":66,"column":null}},"25":{"start":{"line":67,"column":6},"end":{"line":67,"column":null}},"26":{"start":{"line":71,"column":2},"end":{"line":100,"column":null}},"27":{"start":{"line":75,"column":27},"end":{"line":75,"column":61}},"28":{"start":{"line":77,"column":20},"end":{"line":80,"column":8}},"29":{"start":{"line":82,"column":20},"end":{"line":82,"column":65}},"30":{"start":{"line":82,"column":45},"end":{"line":82,"column":61}},"31":{"start":{"line":83,"column":6},"end":{"line":85,"column":7}},"32":{"start":{"line":84,"column":8},"end":{"line":84,"column":null}},"33":{"start":{"line":87,"column":21},"end":{"line":90,"column":12}},"34":{"start":{"line":88,"column":8},"end":{"line":88,"column":null}},"35":{"start":{"line":89,"column":8},"end":{"line":89,"column":null}},"36":{"start":{"line":92,"column":24},"end":{"line":96,"column":9}},"37":{"start":{"line":92,"column":69},"end":{"line":96,"column":8}},"38":{"start":{"line":98,"column":6},"end":{"line":98,"column":null}}},"fnMap":{"0":{"name":"insuranceRoutes","decl":{"start":{"line":6,"column":22},"end":{"line":6,"column":37}},"loc":{"start":{"line":6,"column":58},"end":{"line":101,"column":1}}},"1":{"name":"(anonymous_1)","decl":{"start":{"line":10,"column":4},"end":{"line":10,"column":9}},"loc":{"start":{"line":10,"column":23},"end":{"line":25,"column":5}}},"2":{"name":"(anonymous_2)","decl":{"start":{"line":31,"column":4},"end":{"line":31,"column":9}},"loc":{"start":{"line":31,"column":23},"end":{"line":38,"column":5}}},"3":{"name":"(anonymous_3)","decl":{"start":{"line":44,"column":4},"end":{"line":44,"column":9}},"loc":{"start":{"line":44,"column":23},"end":{"line":58,"column":5}}},"4":{"name":"(anonymous_4)","decl":{"start":{"line":64,"column":4},"end":{"line":64,"column":9}},"loc":{"start":{"line":64,"column":23},"end":{"line":68,"column":5}}},"5":{"name":"(anonymous_5)","decl":{"start":{"line":74,"column":4},"end":{"line":74,"column":9}},"loc":{"start":{"line":74,"column":23},"end":{"line":99,"column":5}}},"6":{"name":"(anonymous_6)","decl":{"start":{"line":82,"column":33},"end":{"line":82,"column":34}},"loc":{"start":{"line":82,"column":45},"end":{"line":82,"column":61}}},"7":{"name":"(anonymous_7)","decl":{"start":{"line":87,"column":58},"end":{"line":87,"column":59}},"loc":{"start":{"line":87,"column":69},"end":{"line":90,"column":7}}},"8":{"name":"(anonymous_8)","decl":{"start":{"line":92,"column":51},"end":{"line":92,"column":52}},"loc":{"start":{"line":92,"column":69},"end":{"line":96,"column":8}}}},"branchMap":{"0":{"loc":{"start":{"line":12,"column":6},"end":{"line":12,"column":null}},"type":"if","locations":[{"start":{"line":12,"column":6},"end":{"line":12,"column":null}},{"start":{},"end":{}}]},"1":{"loc":{"start":{"line":20,"column":19},"end":{"line":20,"column":34}},"type":"binary-expr","locations":[{"start":{"line":20,"column":19},"end":{"line":20,"column":26}},{"start":{"line":20,"column":30},"end":{"line":20,"column":34}}]},"2":{"loc":{"start":{"line":21,"column":21},"end":{"line":21,"column":59}},"type":"cond-expr","locations":[{"start":{"line":21,"column":33},"end":{"line":21,"column":52}},{"start":{"line":21,"column":55},"end":{"line":21,"column":59}}]},"3":{"loc":{"start":{"line":47,"column":6},"end":{"line":47,"column":null}},"type":"if","locations":[{"start":{"line":47,"column":6},"end":{"line":47,"column":null}},{"start":{},"end":{}}]},"4":{"loc":{"start":{"line":54,"column":21},"end":{"line":54,"column":64}},"type":"cond-expr","locations":[{"start":{"line":54,"column":33},"end":{"line":54,"column":52}},{"start":{"line":54,"column":55},"end":{"line":54,"column":64}}]},"5":{"loc":{"start":{"line":83,"column":6},"end":{"line":85,"column":7}},"type":"if","locations":[{"start":{"line":83,"column":6},"end":{"line":85,"column":7}},{"start":{},"end":{}}]},"6":{"loc":{"start":{"line":88,"column":23},"end":{"line":88,"column":39}},"type":"binary-expr","locations":[{"start":{"line":88,"column":23},"end":{"line":88,"column":34}},{"start":{"line":88,"column":38},"end":{"line":88,"column":39}}]}},"s":{"0":11,"1":11,"2":11,"3":53,"4":5,"5":5,"6":1,"7":4,"8":4,"9":4,"10":53,"11":2,"12":2,"13":2,"14":53,"15":3,"16":3,"17":3,"18":1,"19":2,"20":2,"21":2,"22":53,"23":1,"24":1,"25":1,"26":53,"27":2,"28":2,"29":2,"30":2,"31":2,"32":1,"33":1,"34":2,"35":2,"36":1,"37":2,"38":1},"f":{"0":53,"1":5,"2":2,"3":3,"4":1,"5":2,"6":2,"7":2,"8":2},"b":{"0":[1,4],"1":[4,3],"2":[1,3],"3":[1,2],"4":[1,1],"5":[1,1],"6":[2,2]}}
,"C:\\Users\\carla\\Documents\\Bruno\\Case Anka Tech\\backend\\src\\routes\\projection.ts": {"path":"C:\\Users\\carla\\Documents\\Bruno\\Case Anka Tech\\backend\\src\\routes\\projection.ts","statementMap":{"0":{"start":{"line":6,"column":0},"end":{"line":6,"column":7}},"1":{"start":{"line":2,"column":0},"end":{"line":2,"column":23}},"2":{"start":{"line":3,"column":0},"end":{"line":3,"column":38}},"3":{"start":{"line":4,"column":0},"end":{"line":4,"column":76}},"4":{"start":{"line":7,"column":2},"end":{"line":51,"column":null}},"5":{"start":{"line":11,"column":27},"end":{"line":11,"column":62}},"6":{"start":{"line":12,"column":26},"end":{"line":12,"column":67}},"7":{"start":{"line":14,"column":21},"end":{"line":14,"column":51}},"8":{"start":{"line":15,"column":23},"end":{"line":15,"column":51}},"9":{"start":{"line":17,"column":21},"end":{"line":20,"column":8}},"10":{"start":{"line":21,"column":6},"end":{"line":21,"column":null}},"11":{"start":{"line":21,"column":19},"end":{"line":21,"column":null}},"12":{"start":{"line":22,"column":6},"end":{"line":22,"column":null}},"13":{"start":{"line":22,"column":35},"end":{"line":22,"column":null}},"14":{"start":{"line":24,"column":23},"end":{"line":24,"column":27}},"15":{"start":{"line":25,"column":6},"end":{"line":28,"column":7}},"16":{"start":{"line":26,"column":18},"end":{"line":26,"column":30}},"17":{"start":{"line":27,"column":8},"end":{"line":27,"column":null}},"18":{"start":{"line":27,"column":32},"end":{"line":27,"column":null}},"19":{"start":{"line":30,"column":21},"end":{"line":30,"column":77}},"20":{"start":{"line":32,"column":25},"end":{"line":41,"column":null}},"21":{"start":{"line":35,"column":25},"end":{"line":41,"column":10}},"22":{"start":{"line":44,"column":6},"end":{"line":49,"column":null}}},"fnMap":{"0":{"name":"projectionRoutes","decl":{"start":{"line":6,"column":22},"end":{"line":6,"column":38}},"loc":{"start":{"line":6,"column":59},"end":{"line":52,"column":1}}},"1":{"name":"(anonymous_1)","decl":{"start":{"line":10,"column":4},"end":{"line":10,"column":9}},"loc":{"start":{"line":10,"column":23},"end":{"line":50,"column":5}}},"2":{"name":"(anonymous_2)","decl":{"start":{"line":35,"column":19},"end":{"line":35,"column":20}},"loc":{"start":{"line":35,"column":25},"end":{"line":41,"column":10}}}},"branchMap":{"0":{"loc":{"start":{"line":21,"column":6},"end":{"line":21,"column":null}},"type":"if","locations":[{"start":{"line":21,"column":6},"end":{"line":21,"column":null}},{"start":{},"end":{}}]},"1":{"loc":{"start":{"line":22,"column":6},"end":{"line":22,"column":null}},"type":"if","locations":[{"start":{"line":22,"column":6},"end":{"line":22,"column":null}},{"start":{},"end":{}}]},"2":{"loc":{"start":{"line":25,"column":6},"end":{"line":28,"column":7}},"type":"if","locations":[{"start":{"line":25,"column":6},"end":{"line":28,"column":7}},{"start":{},"end":{}}]},"3":{"loc":{"start":{"line":25,"column":10},"end":{"line":25,"column":60}},"type":"binary-expr","locations":[{"start":{"line":25,"column":10},"end":{"line":25,"column":28}},{"start":{"line":25,"column":32},"end":{"line":25,"column":45}},{"start":{"line":25,"column":49},"end":{"line":25,"column":60}}]},"4":{"loc":{"start":{"line":27,"column":8},"end":{"line":27,"column":null}},"type":"if","locations":[{"start":{"line":27,"column":8},"end":{"line":27,"column":null}},{"start":{},"end":{}}]},"5":{"loc":{"start":{"line":27,"column":45},"end":{"line":27,"column":64}},"type":"cond-expr","locations":[{"start":{"line":27,"column":53},"end":{"line":27,"column":60}},{"start":{"line":27,"column":63},"end":{"line":27,"column":64}}]},"6":{"loc":{"start":{"line":40,"column":19},"end":{"line":40,"column":66}},"type":"cond-expr","locations":[{"start":{"line":40,"column":31},"end":{"line":40,"column":54}},{"start":{"line":40,"column":57},"end":{"line":40,"column":66}}]}},"s":{"0":11,"1":11,"2":11,"3":11,"4":53,"5":7,"6":7,"7":7,"8":7,"9":7,"10":7,"11":1,"12":6,"13":1,"14":5,"15":5,"16":2,"17":2,"18":1,"19":5,"20":5,"21":2,"22":5},"f":{"0":53,"1":7,"2":2},"b":{"0":[1,6],"1":[1,5],"2":[2,3],"3":[5,3,3],"4":[1,1],"5":[1,0],"6":[1,1]}}
,"C:\\Users\\carla\\Documents\\Bruno\\Case Anka Tech\\backend\\src\\routes\\simulations.ts": {"path":"C:\\Users\\carla\\Documents\\Bruno\\Case Anka Tech\\backend\\src\\routes\\simulations.ts","statementMap":{"0":{"start":{"line":7,"column":0},"end":{"line":7,"column":7}},"1":{"start":{"line":2,"column":0},"end":{"line":2,"column":23}},"2":{"start":{"line":3,"column":0},"end":{"line":3,"column":38}},"3":{"start":{"line":4,"column":0},"end":{"line":4,"column":76}},"4":{"start":{"line":5,"column":0},"end":{"line":5,"column":62}},"5":{"start":{"line":8,"column":2},"end":{"line":63,"column":null}},"6":{"start":{"line":12,"column":27},"end":{"line":12,"column":62}},"7":{"start":{"line":13,"column":21},"end":{"line":13,"column":51}},"8":{"start":{"line":15,"column":21},"end":{"line":15,"column":63}},"9":{"start":{"line":16,"column":6},"end":{"line":16,"column":null}},"10":{"start":{"line":16,"column":27},"end":{"line":16,"column":null}},"11":{"start":{"line":17,"column":45},"end":{"line":17,"column":56}},"12":{"start":{"line":19,"column":21},"end":{"line":22,"column":8}},"13":{"start":{"line":23,"column":6},"end":{"line":23,"column":null}},"14":{"start":{"line":23,"column":19},"end":{"line":23,"column":null}},"15":{"start":{"line":24,"column":6},"end":{"line":24,"column":null}},"16":{"start":{"line":24,"column":35},"end":{"line":24,"column":null}},"17":{"start":{"line":26,"column":21},"end":{"line":26,"column":77}},"18":{"start":{"line":27,"column":29},"end":{"line":34,"column":9}},"19":{"start":{"line":27,"column":46},"end":{"line":34,"column":8}},"20":{"start":{"line":36,"column":21},"end":{"line":46,"column":null}},"21":{"start":{"line":39,"column":33},"end":{"line":45,"column":10}},"22":{"start":{"line":49,"column":18},"end":{"line":59,"column":8}},"23":{"start":{"line":61,"column":6},"end":{"line":61,"column":null}},"24":{"start":{"line":65,"column":2},"end":{"line":87,"column":null}},"25":{"start":{"line":69,"column":27},"end":{"line":69,"column":62}},"26":{"start":{"line":70,"column":21},"end":{"line":70,"column":51}},"27":{"start":{"line":72,"column":19},"end":{"line":83,"column":8}},"28":{"start":{"line":85,"column":6},"end":{"line":85,"column":null}},"29":{"start":{"line":89,"column":2},"end":{"line":103,"column":null}},"30":{"start":{"line":93,"column":27},"end":{"line":93,"column":88}},"31":{"start":{"line":94,"column":28},"end":{"line":94,"column":58}},"32":{"start":{"line":96,"column":18},"end":{"line":98,"column":8}},"33":{"start":{"line":99,"column":6},"end":{"line":99,"column":null}},"34":{"start":{"line":99,"column":16},"end":{"line":99,"column":null}},"35":{"start":{"line":101,"column":6},"end":{"line":101,"column":null}},"36":{"start":{"line":105,"column":2},"end":{"line":118,"column":null}},"37":{"start":{"line":109,"column":27},"end":{"line":109,"column":88}},"38":{"start":{"line":110,"column":28},"end":{"line":110,"column":58}},"39":{"start":{"line":112,"column":21},"end":{"line":112,"column":94}},"40":{"start":{"line":113,"column":6},"end":{"line":113,"column":null}},"41":{"start":{"line":113,"column":19},"end":{"line":113,"column":null}},"42":{"start":{"line":115,"column":6},"end":{"line":115,"column":null}},"43":{"start":{"line":116,"column":6},"end":{"line":116,"column":null}}},"fnMap":{"0":{"name":"simulationRoutes","decl":{"start":{"line":7,"column":22},"end":{"line":7,"column":38}},"loc":{"start":{"line":7,"column":59},"end":{"line":119,"column":1}}},"1":{"name":"(anonymous_1)","decl":{"start":{"line":11,"column":4},"end":{"line":11,"column":9}},"loc":{"start":{"line":11,"column":23},"end":{"line":62,"column":5}}},"2":{"name":"(anonymous_2)","decl":{"start":{"line":27,"column":40},"end":{"line":27,"column":41}},"loc":{"start":{"line":27,"column":46},"end":{"line":34,"column":8}}},"3":{"name":"(anonymous_3)","decl":{"start":{"line":39,"column":27},"end":{"line":39,"column":28}},"loc":{"start":{"line":39,"column":33},"end":{"line":45,"column":10}}},"4":{"name":"(anonymous_4)","decl":{"start":{"line":68,"column":4},"end":{"line":68,"column":9}},"loc":{"start":{"line":68,"column":23},"end":{"line":86,"column":5}}},"5":{"name":"(anonymous_5)","decl":{"start":{"line":92,"column":4},"end":{"line":92,"column":9}},"loc":{"start":{"line":92,"column":23},"end":{"line":102,"column":5}}},"6":{"name":"(anonymous_6)","decl":{"start":{"line":108,"column":4},"end":{"line":108,"column":9}},"loc":{"start":{"line":108,"column":23},"end":{"line":117,"column":5}}}},"branchMap":{"0":{"loc":{"start":{"line":16,"column":6},"end":{"line":16,"column":null}},"type":"if","locations":[{"start":{"line":16,"column":6},"end":{"line":16,"column":null}},{"start":{},"end":{}}]},"1":{"loc":{"start":{"line":23,"column":6},"end":{"line":23,"column":null}},"type":"if","locations":[{"start":{"line":23,"column":6},"end":{"line":23,"column":null}},{"start":{},"end":{}}]},"2":{"loc":{"start":{"line":24,"column":6},"end":{"line":24,"column":null}},"type":"if","locations":[{"start":{"line":24,"column":6},"end":{"line":24,"column":null}},{"start":{},"end":{}}]},"3":{"loc":{"start":{"line":33,"column":17},"end":{"line":33,"column":59}},"type":"cond-expr","locations":[{"start":{"line":33,"column":29},"end":{"line":33,"column":52}},{"start":{"line":33,"column":55},"end":{"line":33,"column":59}}]},"4":{"loc":{"start":{"line":52,"column":17},"end":{"line":52,"column":30}},"type":"binary-expr","locations":[{"start":{"line":52,"column":17},"end":{"line":52,"column":22}},{"start":{"line":52,"column":26},"end":{"line":52,"column":30}}]},"5":{"loc":{"start":{"line":99,"column":6},"end":{"line":99,"column":null}},"type":"if","locations":[{"start":{"line":99,"column":6},"end":{"line":99,"column":null}},{"start":{},"end":{}}]},"6":{"loc":{"start":{"line":113,"column":6},"end":{"line":113,"column":null}},"type":"if","locations":[{"start":{"line":113,"column":6},"end":{"line":113,"column":null}},{"start":{},"end":{}}]}},"s":{"0":11,"1":11,"2":11,"3":11,"4":11,"5":53,"6":7,"7":7,"8":7,"9":7,"10":1,"11":6,"12":6,"13":6,"14":1,"15":5,"16":1,"17":4,"18":4,"19":3,"20":4,"21":3,"22":4,"23":4,"24":53,"25":2,"26":2,"27":2,"28":2,"29":53,"30":2,"31":2,"32":2,"33":2,"34":1,"35":1,"36":53,"37":4,"38":4,"39":4,"40":4,"41":1,"42":3,"43":3},"f":{"0":53,"1":7,"2":3,"3":3,"4":2,"5":2,"6":4},"b":{"0":[1,6],"1":[1,5],"2":[1,4],"3":[1,2],"4":[4,0],"5":[1,1],"6":[1,3]}}
,"C:\\Users\\carla\\Documents\\Bruno\\Case Anka Tech\\backend\\src\\routes\\wallet.ts": {"path":"C:\\Users\\carla\\Documents\\Bruno\\Case Anka Tech\\backend\\src\\routes\\wallet.ts","statementMap":{"0":{"start":{"line":11,"column":0},"end":{"line":11,"column":7}},"1":{"start":{"line":2,"column":0},"end":{"line":2,"column":38}},"2":{"start":{"line":3,"column":0},"end":{"line":3,"column":23}},"3":{"start":{"line":5,"column":27},"end":{"line":9,"column":2}},"4":{"start":{"line":12,"column":2},"end":{"line":18,"column":null}},"5":{"start":{"line":13,"column":19},"end":{"line":13,"column":57}},"6":{"start":{"line":14,"column":4},"end":{"line":14,"column":null}},"7":{"start":{"line":14,"column":25},"end":{"line":14,"column":null}},"8":{"start":{"line":16,"column":23},"end":{"line":16,"column":72}},"9":{"start":{"line":17,"column":4},"end":{"line":17,"column":null}},"10":{"start":{"line":20,"column":2},"end":{"line":29,"column":null}},"11":{"start":{"line":21,"column":25},"end":{"line":21,"column":59}},"12":{"start":{"line":23,"column":19},"end":{"line":26,"column":6}},"13":{"start":{"line":28,"column":4},"end":{"line":28,"column":null}},"14":{"start":{"line":31,"column":2},"end":{"line":36,"column":null}},"15":{"start":{"line":32,"column":19},"end":{"line":32,"column":47}},"16":{"start":{"line":34,"column":4},"end":{"line":34,"column":null}},"17":{"start":{"line":35,"column":4},"end":{"line":35,"column":null}}},"fnMap":{"0":{"name":"walletRoutes","decl":{"start":{"line":11,"column":22},"end":{"line":11,"column":34}},"loc":{"start":{"line":11,"column":55},"end":{"line":37,"column":1}}},"1":{"name":"(anonymous_1)","decl":{"start":{"line":12,"column":66},"end":{"line":12,"column":71}},"loc":{"start":{"line":12,"column":85},"end":{"line":18,"column":3}}},"2":{"name":"(anonymous_2)","decl":{"start":{"line":20,"column":75},"end":{"line":20,"column":80}},"loc":{"start":{"line":20,"column":94},"end":{"line":29,"column":3}}},"3":{"name":"(anonymous_3)","decl":{"start":{"line":31,"column":72},"end":{"line":31,"column":77}},"loc":{"start":{"line":31,"column":91},"end":{"line":36,"column":3}}}},"branchMap":{"0":{"loc":{"start":{"line":14,"column":4},"end":{"line":14,"column":null}},"type":"if","locations":[{"start":{"line":14,"column":4},"end":{"line":14,"column":null}},{"start":{},"end":{}}]}},"s":{"0":11,"1":11,"2":11,"3":11,"4":53,"5":3,"6":3,"7":1,"8":2,"9":2,"10":53,"11":2,"12":2,"13":2,"14":53,"15":1,"16":1,"17":1},"f":{"0":53,"1":3,"2":2,"3":1},"b":{"0":[1,2]}}
,"C:\\Users\\carla\\Documents\\Bruno\\Case Anka Tech\\backend\\src\\schemas\\auth.ts": {"path":"C:\\Users\\carla\\Documents\\Bruno\\Case Anka Tech\\backend\\src\\schemas\\auth.ts","statementMap":{"0":{"start":{"line":1,"column":0},"end":{"line":1,"column":23}},"1":{"start":{"line":3,"column":13},"end":{"line":8,"column":null}},"2":{"start":{"line":10,"column":13},"end":{"line":13,"column":null}}},"fnMap":{},"branchMap":{},"s":{"0":11,"1":11,"2":11},"f":{},"b":{}}
,"C:\\Users\\carla\\Documents\\Bruno\\Case Anka Tech\\backend\\src\\schemas\\client.ts": {"path":"C:\\Users\\carla\\Documents\\Bruno\\Case Anka Tech\\backend\\src\\schemas\\client.ts","statementMap":{"0":{"start":{"line":1,"column":0},"end":{"line":1,"column":23}},"1":{"start":{"line":3,"column":13},"end":{"line":10,"column":null}},"2":{"start":{"line":12,"column":13},"end":{"line":12,"column":null}}},"fnMap":{},"branchMap":{},"s":{"0":11,"1":11,"2":11},"f":{},"b":{}}
,"C:\\Users\\carla\\Documents\\Bruno\\Case Anka Tech\\backend\\src\\schemas\\event.ts": {"path":"C:\\Users\\carla\\Documents\\Bruno\\Case Anka Tech\\backend\\src\\schemas\\event.ts","statementMap":{"0":{"start":{"line":1,"column":0},"end":{"line":1,"column":23}},"1":{"start":{"line":3,"column":13},"end":{"line":10,"column":null}},"2":{"start":{"line":12,"column":13},"end":{"line":12,"column":null}}},"fnMap":{},"branchMap":{},"s":{"0":11,"1":11,"2":11},"f":{},"b":{}}
,"C:\\Users\\carla\\Documents\\Bruno\\Case Anka Tech\\backend\\src\\schemas\\insurance.ts": {"path":"C:\\Users\\carla\\Documents\\Bruno\\Case Anka Tech\\backend\\src\\schemas\\insurance.ts","statementMap":{"0":{"start":{"line":1,"column":0},"end":{"line":1,"column":23}},"1":{"start":{"line":3,"column":13},"end":{"line":9,"column":null}},"2":{"start":{"line":11,"column":13},"end":{"line":11,"column":null}}},"fnMap":{},"branchMap":{},"s":{"0":11,"1":11,"2":11},"f":{},"b":{}}
,"C:\\Users\\carla\\Documents\\Bruno\\Case Anka Tech\\backend\\src\\schemas\\simulation.ts": {"path":"C:\\Users\\carla\\Documents\\Bruno\\Case Anka Tech\\backend\\src\\schemas\\simulation.ts","statementMap":{"0":{"start":{"line":1,"column":0},"end":{"line":1,"column":23}},"1":{"start":{"line":3,"column":13},"end":{"line":7,"column":null}}},"fnMap":{},"branchMap":{},"s":{"0":11,"1":11},"f":{},"b":{}}
,"C:\\Users\\carla\\Documents\\Bruno\\Case Anka Tech\\backend\\src\\tests\\utils\\db.ts": {"path":"C:\\Users\\carla\\Documents\\Bruno\\Case Anka Tech\\backend\\src\\tests\\utils\\db.ts","statementMap":{"0":{"start":{"line":3,"column":0},"end":{"line":3,"column":7}},"1":{"start":{"line":1,"column":0},"end":{"line":1,"column":41}},"2":{"start":{"line":4,"column":2},"end":{"line":14,"column":null}}},"fnMap":{"0":{"name":"resetDb","decl":{"start":{"line":3,"column":22},"end":{"line":3,"column":29}},"loc":{"start":{"line":3,"column":29},"end":{"line":15,"column":1}}}},"branchMap":{},"s":{"0":10,"1":10,"2":52},"f":{"0":52},"b":{}}
,"C:\\Users\\carla\\Documents\\Bruno\\Case Anka Tech\\backend\\src\\tests\\utils\\test-app.ts": {"path":"C:\\Users\\carla\\Documents\\Bruno\\Case Anka Tech\\backend\\src\\tests\\utils\\test-app.ts","statementMap":{"0":{"start":{"line":17,"column":0},"end":{"line":17,"column":7}},"1":{"start":{"line":1,"column":0},"end":{"line":1,"column":22}},"2":{"start":{"line":2,"column":0},"end":{"line":2,"column":29}},"3":{"start":{"line":3,"column":0},"end":{"line":3,"column":38}},"4":{"start":{"line":4,"column":0},"end":{"line":4,"column":43}},"5":{"start":{"line":5,"column":0},"end":{"line":5,"column":41}},"6":{"start":{"line":6,"column":0},"end":{"line":6,"column":60}},"7":{"start":{"line":7,"column":0},"end":{"line":7,"column":46}},"8":{"start":{"line":8,"column":0},"end":{"line":8,"column":51}},"9":{"start":{"line":9,"column":0},"end":{"line":9,"column":47}},"10":{"start":{"line":10,"column":0},"end":{"line":10,"column":50}},"11":{"start":{"line":11,"column":0},"end":{"line":11,"column":56}},"12":{"start":{"line":12,"column":0},"end":{"line":12,"column":58}},"13":{"start":{"line":13,"column":0},"end":{"line":13,"column":49}},"14":{"start":{"line":14,"column":0},"end":{"line":14,"column":59}},"15":{"start":{"line":15,"column":0},"end":{"line":15,"column":57}},"16":{"start":{"line":18,"column":14},"end":{"line":18,"column":23}},"17":{"start":{"line":19,"column":2},"end":{"line":19,"column":null}},"18":{"start":{"line":20,"column":2},"end":{"line":20,"column":null}},"19":{"start":{"line":21,"column":2},"end":{"line":21,"column":null}},"20":{"start":{"line":22,"column":2},"end":{"line":22,"column":null}},"21":{"start":{"line":23,"column":2},"end":{"line":23,"column":null}},"22":{"start":{"line":24,"column":2},"end":{"line":24,"column":null}},"23":{"start":{"line":25,"column":2},"end":{"line":25,"column":null}},"24":{"start":{"line":26,"column":2},"end":{"line":26,"column":null}},"25":{"start":{"line":27,"column":2},"end":{"line":27,"column":null}},"26":{"start":{"line":28,"column":2},"end":{"line":28,"column":null}},"27":{"start":{"line":29,"column":2},"end":{"line":29,"column":null}},"28":{"start":{"line":30,"column":2},"end":{"line":30,"column":null}},"29":{"start":{"line":31,"column":2},"end":{"line":31,"column":null}},"30":{"start":{"line":32,"column":2},"end":{"line":32,"column":null}},"31":{"start":{"line":33,"column":2},"end":{"line":33,"column":null}}},"fnMap":{"0":{"name":"buildTestApp","decl":{"start":{"line":17,"column":22},"end":{"line":17,"column":34}},"loc":{"start":{"line":17,"column":34},"end":{"line":34,"column":1}}}},"branchMap":{},"s":{"0":11,"1":11,"2":11,"3":11,"4":11,"5":11,"6":11,"7":11,"8":11,"9":11,"10":11,"11":11,"12":11,"13":11,"14":11,"15":11,"16":53,"17":53,"18":53,"19":53,"20":53,"21":53,"22":53,"23":53,"24":53,"25":53,"26":53,"27":53,"28":53,"29":53,"30":53,"31":53},"f":{"0":53},"b":{}}
,"C:\\Users\\carla\\Documents\\Bruno\\Case Anka Tech\\backend\\src\\utils\\simulateWealthWithEvents.ts": {"path":"C:\\Users\\carla\\Documents\\Bruno\\Case Anka Tech\\backend\\src\\utils\\simulateWealthWithEvents.ts","statementMap":{"0":{"start":{"line":15,"column":0},"end":{"line":15,"column":16}},"1":{"start":{"line":21,"column":61},"end":{"line":21,"column":63}},"2":{"start":{"line":22,"column":20},"end":{"line":22,"column":44}},"3":{"start":{"line":23,"column":2},"end":{"line":23,"column":null}},"4":{"start":{"line":23,"column":48},"end":{"line":23,"column":null}},"5":{"start":{"line":25,"column":22},"end":{"line":25,"column":58}},"6":{"start":{"line":28,"column":34},"end":{"line":33,"column":4}},"7":{"start":{"line":29,"column":25},"end":{"line":29,"column":55}},"8":{"start":{"line":30,"column":14},"end":{"line":30,"column":36}},"9":{"start":{"line":31,"column":14},"end":{"line":31,"column":54}},"10":{"start":{"line":32,"column":4},"end":{"line":32,"column":null}},"11":{"start":{"line":36,"column":28},"end":{"line":51,"column":3}},"12":{"start":{"line":37,"column":20},"end":{"line":37,"column":37}},"13":{"start":{"line":38,"column":4},"end":{"line":38,"column":null}},"14":{"start":{"line":38,"column":68},"end":{"line":38,"column":null}},"15":{"start":{"line":39,"column":4},"end":{"line":39,"column":null}},"16":{"start":{"line":39,"column":76},"end":{"line":39,"column":null}},"17":{"start":{"line":41,"column":4},"end":{"line":43,"column":5}},"18":{"start":{"line":42,"column":6},"end":{"line":42,"column":null}},"19":{"start":{"line":44,"column":4},"end":{"line":46,"column":5}},"20":{"start":{"line":45,"column":6},"end":{"line":45,"column":null}},"21":{"start":{"line":47,"column":4},"end":{"line":49,"column":5}},"22":{"start":{"line":48,"column":6},"end":{"line":48,"column":null}},"23":{"start":{"line":50,"column":4},"end":{"line":50,"column":null}},"24":{"start":{"line":53,"column":14},"end":{"line":53,"column":26}},"25":{"start":{"line":55,"column":2},"end":{"line":68,"column":3}},"26":{"start":{"line":55,"column":15},"end":{"line":55,"column":24}},"27":{"start":{"line":56,"column":4},"end":{"line":66,"column":5}},"28":{"start":{"line":56,"column":17},"end":{"line":56,"column":18}},"29":{"start":{"line":58,"column":6},"end":{"line":63,"column":7}},"30":{"start":{"line":59,"column":8},"end":{"line":62,"column":9}},"31":{"start":{"line":60,"column":10},"end":{"line":60,"column":null}},"32":{"start":{"line":61,"column":10},"end":{"line":61,"column":null}},"33":{"start":{"line":61,"column":25},"end":{"line":61,"column":null}},"34":{"start":{"line":65,"column":6},"end":{"line":65,"column":null}},"35":{"start":{"line":67,"column":4},"end":{"line":67,"column":null}},"36":{"start":{"line":70,"column":2},"end":{"line":70,"column":null}}},"fnMap":{"0":{"name":"simulateWealthWithEvents","decl":{"start":{"line":15,"column":16},"end":{"line":15,"column":40}},"loc":{"start":{"line":19,"column":16},"end":{"line":71,"column":1}}},"1":{"name":"(anonymous_1)","decl":{"start":{"line":28,"column":45},"end":{"line":28,"column":46}},"loc":{"start":{"line":28,"column":52},"end":{"line":33,"column":3}}},"2":{"name":"(anonymous_2)","decl":{"start":{"line":36,"column":28},"end":{"line":36,"column":29}},"loc":{"start":{"line":36,"column":74},"end":{"line":51,"column":3}}}},"branchMap":{"0":{"loc":{"start":{"line":17,"column":2},"end":{"line":17,"column":19}},"type":"default-arg","locations":[{"start":{"line":17,"column":15},"end":{"line":17,"column":19}}]},"1":{"loc":{"start":{"line":18,"column":2},"end":{"line":18,"column":25}},"type":"default-arg","locations":[{"start":{"line":18,"column":23},"end":{"line":18,"column":25}}]},"2":{"loc":{"start":{"line":19,"column":2},"end":{"line":19,"column":16}},"type":"default-arg","locations":[{"start":{"line":19,"column":12},"end":{"line":19,"column":16}}]},"3":{"loc":{"start":{"line":23,"column":2},"end":{"line":23,"column":null}},"type":"if","locations":[{"start":{"line":23,"column":2},"end":{"line":23,"column":null}},{"start":{},"end":{}}]},"4":{"loc":{"start":{"line":23,"column":6},"end":{"line":23,"column":46}},"type":"binary-expr","locations":[{"start":{"line":23,"column":6},"end":{"line":23,"column":23}},{"start":{"line":23,"column":27},"end":{"line":23,"column":46}}]},"5":{"loc":{"start":{"line":29,"column":25},"end":{"line":29,"column":55}},"type":"cond-expr","locations":[{"start":{"line":29,"column":49},"end":{"line":29,"column":50}},{"start":{"line":29,"column":53},"end":{"line":29,"column":55}}]},"6":{"loc":{"start":{"line":31,"column":14},"end":{"line":31,"column":54}},"type":"cond-expr","locations":[{"start":{"line":31,"column":27},"end":{"line":31,"column":47}},{"start":{"line":31,"column":50},"end":{"line":31,"column":54}}]},"7":{"loc":{"start":{"line":38,"column":4},"end":{"line":38,"column":null}},"type":"if","locations":[{"start":{"line":38,"column":4},"end":{"line":38,"column":null}},{"start":{},"end":{}}]},"8":{"loc":{"start":{"line":39,"column":4},"end":{"line":39,"column":null}},"type":"if","locations":[{"start":{"line":39,"column":4},"end":{"line":39,"column":null}},{"start":{},"end":{}}]},"9":{"loc":{"start":{"line":39,"column":8},"end":{"line":39,"column":74}},"type":"binary-expr","locations":[{"start":{"line":39,"column":8},"end":{"line":39,"column":12}},{"start":{"line":39,"column":16},"end":{"line":39,"column":74}}]},"10":{"loc":{"start":{"line":41,"column":4},"end":{"line":43,"column":5}},"type":"if","locations":[{"start":{"line":41,"column":4},"end":{"line":43,"column":5}},{"start":{},"end":{}}]},"11":{"loc":{"start":{"line":42,"column":13},"end":{"line":42,"column":62}},"type":"binary-expr","locations":[{"start":{"line":42,"column":13},"end":{"line":42,"column":37}},{"start":{"line":42,"column":41},"end":{"line":42,"column":62}}]},"12":{"loc":{"start":{"line":44,"column":4},"end":{"line":46,"column":5}},"type":"if","locations":[{"start":{"line":44,"column":4},"end":{"line":46,"column":5}},{"start":{},"end":{}}]},"13":{"loc":{"start":{"line":47,"column":4},"end":{"line":49,"column":5}},"type":"if","locations":[{"start":{"line":47,"column":4},"end":{"line":49,"column":5}},{"start":{},"end":{}}]},"14":{"loc":{"start":{"line":59,"column":8},"end":{"line":62,"column":9}},"type":"if","locations":[{"start":{"line":59,"column":8},"end":{"line":62,"column":9}},{"start":{},"end":{}}]},"15":{"loc":{"start":{"line":61,"column":10},"end":{"line":61,"column":null}},"type":"if","locations":[{"start":{"line":61,"column":10},"end":{"line":61,"column":null}},{"start":{},"end":{}}]}},"s":{"0":12,"1":17,"2":17,"3":17,"4":0,"5":17,"6":17,"7":10,"8":10,"9":10,"10":10,"11":17,"12":2388,"13":2388,"14":80,"15":2308,"16":806,"17":1502,"18":19,"19":1483,"20":1335,"21":148,"22":148,"23":0,"24":17,"25":17,"26":17,"27":355,"28":355,"29":4260,"30":2388,"31":1347,"32":1347,"33":24,"34":4260,"35":355,"36":17},"f":{"0":17,"1":10,"2":2388},"b":{"0":[0],"1":[0],"2":[5],"3":[0,17],"4":[17,17],"5":[8,2],"6":[2,8],"7":[80,2308],"8":[806,1502],"9":[2308,864],"10":[19,1483],"11":[19,7],"12":[1335,148],"13":[148,0],"14":[1347,1041],"15":[24,1323]}}
}
