TN:
SF:src\lib\prisma.ts
FNF:0
FNH:0
DA:1,11
DA:3,11
LF:2
LH:2
BRF:0
BRH:0
end_of_record
TN:
SF:src\plugins\jwt.ts
FN:13,(anonymous_1)
FN:19,(anonymous_2)
FN:27,(anonymous_3)
FN:28,(anonymous_4)
FNF:4
FNH:4
FNDA:53,(anonymous_1)
FNDA:37,(anonymous_2)
FNDA:795,(anonymous_3)
FNDA:88,(anonymous_4)
DA:1,11
DA:2,11
DA:13,11
DA:14,53
DA:19,53
DA:20,37
DA:21,37
DA:23,5
DA:27,53
DA:28,795
DA:29,88
DA:30,88
DA:32,0
DA:34,88
DA:35,4
LF:15
LH:14
BRDA:16,0,0,53
BRDA:16,0,1,0
BRDA:34,1,0,4
BRDA:34,1,1,84
BRDA:34,2,0,88
BRDA:34,2,1,88
BRF:6
BRH:5
end_of_record
TN:
SF:src\routes\alignment.ts
FN:4,alignmentRoutes
FN:8,(anonymous_1)
FN:24,(anonymous_2)
FNF:3
FNH:3
FNDA:53,alignmentRoutes
FNDA:6,(anonymous_1)
FNDA:4,(anonymous_2)
DA:2,11
DA:4,11
DA:5,53
DA:9,6
DA:11,6
DA:16,6
DA:17,1
DA:20,5
DA:21,1
DA:24,4
DA:25,4
DA:27,4
DA:28,4
DA:29,3
DA:30,2
DA:31,1
DA:33,4
LF:17
LH:17
BRDA:16,0,0,1
BRDA:16,0,1,5
BRDA:20,1,0,1
BRDA:20,1,1,4
BRDA:28,2,0,1
BRDA:28,2,1,3
BRDA:29,3,0,1
BRDA:29,3,1,2
BRDA:30,4,0,1
BRDA:30,4,1,1
BRF:10
BRH:10
end_of_record
TN:
SF:src\routes\auth.ts
FN:6,authRoutes
FN:7,noUsersYet
FN:12,(anonymous_3)
FN:45,(anonymous_4)
FN:69,(anonymous_5)
FNF:5
FNH:5
FNDA:53,authRoutes
FNDA:51,noUsersYet
FNDA:59,(anonymous_3)
FNDA:56,(anonymous_4)
FNDA:1,(anonymous_5)
DA:2,11
DA:3,11
DA:4,11
DA:6,11
DA:8,51
DA:9,51
DA:12,53
DA:13,59
DA:14,59
DA:16,58
DA:17,58
DA:19,58
DA:20,58
DA:22,57
DA:23,51
DA:24,51
DA:25,2
DA:26,2
DA:28,1
DA:30,1
DA:31,1
DA:36,55
DA:37,55
DA:42,55
DA:45,53
DA:46,56
DA:47,56
DA:49,55
DA:50,55
DA:51,55
DA:53,54
DA:54,54
DA:56,53
DA:63,53
DA:69,53
DA:70,1
LF:36
LH:36
BRDA:14,0,0,1
BRDA:14,0,1,58
BRDA:17,1,0,58
BRDA:17,1,1,1
BRDA:20,2,0,1
BRDA:20,2,1,57
BRDA:22,3,0,51
BRDA:22,3,1,6
BRDA:24,4,0,2
BRDA:24,4,1,49
BRDA:30,5,0,1
BRDA:30,5,1,0
BRDA:47,6,0,1
BRDA:47,6,1,55
BRDA:51,7,0,1
BRDA:51,7,1,54
BRDA:54,8,0,1
BRDA:54,8,1,53
BRF:18
BRH:17
end_of_record
TN:
SF:src\routes\clients.ts
FN:5,clientRoutes
FN:6,(anonymous_1)
FN:10,(anonymous_2)
FN:18,(anonymous_3)
FN:26,(anonymous_4)
FN:38,(anonymous_5)
FNF:6
FNH:6
FNDA:53,clientRoutes
FNDA:1,(anonymous_1)
FNDA:3,(anonymous_2)
FNDA:36,(anonymous_3)
FNDA:3,(anonymous_4)
FNDA:3,(anonymous_5)
DA:2,11
DA:3,11
DA:5,11
DA:6,53
DA:7,1
DA:10,53
DA:11,3
DA:12,3
DA:14,3
DA:15,1
DA:18,53
DA:19,36
DA:20,36
DA:22,35
DA:23,35
DA:26,53
DA:27,3
DA:28,3
DA:29,3
DA:31,2
DA:35,2
DA:38,53
DA:39,3
DA:40,3
DA:41,3
LF:25
LH:25
BRDA:14,0,0,2
BRDA:14,0,1,1
BRDA:20,1,0,1
BRDA:20,1,1,35
BRDA:29,2,0,1
BRDA:29,2,1,2
BRF:6
BRH:6
end_of_record
TN:
SF:src\routes\events.ts
FN:5,eventRoutes
FN:6,(anonymous_1)
FN:20,(anonymous_2)
FN:26,(anonymous_3)
FN:35,(anonymous_4)
FNF:5
FNH:5
FNDA:53,eventRoutes
FNDA:8,(anonymous_1)
FNDA:2,(anonymous_2)
FNDA:2,(anonymous_3)
FNDA:1,(anonymous_4)
DA:2,11
DA:3,11
DA:5,11
DA:6,53
DA:7,8
DA:8,8
DA:10,7
DA:11,7
DA:17,7
DA:20,53
DA:21,2
DA:22,2
DA:23,2
DA:26,53
DA:27,2
DA:28,2
DA:29,2
DA:31,1
DA:32,1
DA:35,53
DA:36,1
DA:37,1
DA:38,1
LF:23
LH:23
BRDA:8,0,0,1
BRDA:8,0,1,7
BRDA:14,1,0,7
BRDA:14,1,1,5
BRDA:29,2,0,1
BRDA:29,2,1,1
BRF:6
BRH:6
end_of_record
TN:
SF:src\routes\goals.ts
FN:12,goalRoutes
FN:13,(anonymous_1)
FN:21,(anonymous_2)
FN:32,(anonymous_3)
FNF:4
FNH:4
FNDA:53,goalRoutes
FNDA:6,(anonymous_1)
FNDA:2,(anonymous_2)
FNDA:1,(anonymous_3)
DA:2,11
DA:3,11
DA:5,11
DA:12,11
DA:13,53
DA:14,6
DA:15,6
DA:17,5
DA:18,5
DA:21,53
DA:22,2
DA:24,2
DA:29,2
DA:32,53
DA:33,1
DA:35,1
DA:36,1
LF:17
LH:17
BRDA:15,0,0,1
BRDA:15,0,1,5
BRF:2
BRH:2
end_of_record
TN:
SF:src\routes\healthcheck.ts
FN:3,healthcheckRoutes
FN:4,(anonymous_1)
FNF:2
FNH:2
FNDA:53,healthcheckRoutes
FNDA:1,(anonymous_1)
DA:3,11
DA:4,53
DA:5,1
LF:3
LH:3
BRF:0
BRH:0
end_of_record
TN:
SF:src\routes\insurances.ts
FN:6,insuranceRoutes
FN:10,(anonymous_1)
FN:31,(anonymous_2)
FN:44,(anonymous_3)
FN:64,(anonymous_4)
FN:74,(anonymous_5)
FN:82,(anonymous_6)
FN:87,(anonymous_7)
FN:92,(anonymous_8)
FNF:9
FNH:9
FNDA:53,insuranceRoutes
FNDA:5,(anonymous_1)
FNDA:2,(anonymous_2)
FNDA:3,(anonymous_3)
FNDA:1,(anonymous_4)
FNDA:2,(anonymous_5)
FNDA:2,(anonymous_6)
FNDA:2,(anonymous_7)
FNDA:2,(anonymous_8)
DA:2,11
DA:3,11
DA:6,11
DA:7,53
DA:11,5
DA:12,5
DA:14,4
DA:15,4
DA:24,4
DA:28,53
DA:32,2
DA:33,2
DA:37,2
DA:41,53
DA:45,3
DA:46,3
DA:47,3
DA:49,2
DA:50,2
DA:57,2
DA:61,53
DA:65,1
DA:66,1
DA:67,1
DA:71,53
DA:75,2
DA:77,2
DA:82,2
DA:83,2
DA:84,1
DA:87,1
DA:88,2
DA:89,2
DA:92,2
DA:98,1
LF:35
LH:35
BRDA:12,0,0,1
BRDA:12,0,1,4
BRDA:20,1,0,4
BRDA:20,1,1,3
BRDA:21,2,0,1
BRDA:21,2,1,3
BRDA:47,3,0,1
BRDA:47,3,1,2
BRDA:54,4,0,1
BRDA:54,4,1,1
BRDA:83,5,0,1
BRDA:83,5,1,1
BRDA:88,6,0,2
BRDA:88,6,1,2
BRF:14
BRH:14
end_of_record
TN:
SF:src\routes\projection.ts
FN:6,projectionRoutes
FN:10,(anonymous_1)
FN:35,(anonymous_2)
FNF:3
FNH:3
FNDA:53,projectionRoutes
FNDA:7,(anonymous_1)
FNDA:2,(anonymous_2)
DA:2,11
DA:3,11
DA:4,11
DA:6,11
DA:7,53
DA:11,7
DA:12,7
DA:14,7
DA:15,7
DA:17,7
DA:21,7
DA:22,6
DA:24,5
DA:25,5
DA:26,2
DA:27,2
DA:30,5
DA:32,5
DA:35,2
DA:44,5
LF:20
LH:20
BRDA:21,0,0,1
BRDA:21,0,1,6
BRDA:22,1,0,1
BRDA:22,1,1,5
BRDA:25,2,0,2
BRDA:25,2,1,3
BRDA:25,3,0,5
BRDA:25,3,1,3
BRDA:25,3,2,3
BRDA:27,4,0,1
BRDA:27,4,1,1
BRDA:27,5,0,1
BRDA:27,5,1,0
BRDA:40,6,0,1
BRDA:40,6,1,1
BRF:15
BRH:14
end_of_record
TN:
SF:src\routes\simulations.ts
FN:7,simulationRoutes
FN:11,(anonymous_1)
FN:27,(anonymous_2)
FN:39,(anonymous_3)
FN:68,(anonymous_4)
FN:92,(anonymous_5)
FN:108,(anonymous_6)
FNF:7
FNH:7
FNDA:53,simulationRoutes
FNDA:7,(anonymous_1)
FNDA:3,(anonymous_2)
FNDA:3,(anonymous_3)
FNDA:2,(anonymous_4)
FNDA:2,(anonymous_5)
FNDA:4,(anonymous_6)
DA:2,11
DA:3,11
DA:4,11
DA:5,11
DA:7,11
DA:8,53
DA:12,7
DA:13,7
DA:15,7
DA:16,7
DA:17,6
DA:19,6
DA:23,6
DA:24,5
DA:26,4
DA:27,4
DA:36,4
DA:39,3
DA:49,4
DA:61,4
DA:65,53
DA:69,2
DA:70,2
DA:72,2
DA:85,2
DA:89,53
DA:93,2
DA:94,2
DA:96,2
DA:99,2
DA:101,1
DA:105,53
DA:109,4
DA:110,4
DA:112,4
DA:113,4
DA:115,3
DA:116,3
LF:38
LH:38
BRDA:16,0,0,1
BRDA:16,0,1,6
BRDA:23,1,0,1
BRDA:23,1,1,5
BRDA:24,2,0,1
BRDA:24,2,1,4
BRDA:33,3,0,1
BRDA:33,3,1,2
BRDA:52,4,0,4
BRDA:52,4,1,0
BRDA:99,5,0,1
BRDA:99,5,1,1
BRDA:113,6,0,1
BRDA:113,6,1,3
BRF:14
BRH:13
end_of_record
TN:
SF:src\routes\wallet.ts
FN:11,walletRoutes
FN:12,(anonymous_1)
FN:20,(anonymous_2)
FN:31,(anonymous_3)
FNF:4
FNH:4
FNDA:53,walletRoutes
FNDA:3,(anonymous_1)
FNDA:2,(anonymous_2)
FNDA:1,(anonymous_3)
DA:2,11
DA:3,11
DA:5,11
DA:11,11
DA:12,53
DA:13,3
DA:14,3
DA:16,2
DA:17,2
DA:20,53
DA:21,2
DA:23,2
DA:28,2
DA:31,53
DA:32,1
DA:34,1
DA:35,1
LF:17
LH:17
BRDA:14,0,0,1
BRDA:14,0,1,2
BRF:2
BRH:2
end_of_record
TN:
SF:src\schemas\auth.ts
FNF:0
FNH:0
DA:1,11
DA:3,11
DA:10,11
LF:3
LH:3
BRF:0
BRH:0
end_of_record
TN:
SF:src\schemas\client.ts
FNF:0
FNH:0
DA:1,11
DA:3,11
DA:12,11
LF:3
LH:3
BRF:0
BRH:0
end_of_record
TN:
SF:src\schemas\event.ts
FNF:0
FNH:0
DA:1,11
DA:3,11
DA:12,11
LF:3
LH:3
BRF:0
BRH:0
end_of_record
TN:
SF:src\schemas\insurance.ts
FNF:0
FNH:0
DA:1,11
DA:3,11
DA:11,11
LF:3
LH:3
BRF:0
BRH:0
end_of_record
TN:
SF:src\schemas\simulation.ts
FNF:0
FNH:0
DA:1,11
DA:3,11
LF:2
LH:2
BRF:0
BRH:0
end_of_record
TN:
SF:src\tests\utils\db.ts
FN:3,resetDb
FNF:1
FNH:1
FNDA:52,resetDb
DA:1,10
DA:3,10
DA:4,52
LF:3
LH:3
BRF:0
BRH:0
end_of_record
TN:
SF:src\tests\utils\test-app.ts
FN:17,buildTestApp
FNF:1
FNH:1
FNDA:53,buildTestApp
DA:1,11
DA:2,11
DA:3,11
DA:4,11
DA:5,11
DA:6,11
DA:7,11
DA:8,11
DA:9,11
DA:10,11
DA:11,11
DA:12,11
DA:13,11
DA:14,11
DA:15,11
DA:17,11
DA:18,53
DA:19,53
DA:20,53
DA:21,53
DA:22,53
DA:23,53
DA:24,53
DA:25,53
DA:26,53
DA:27,53
DA:28,53
DA:29,53
DA:30,53
DA:31,53
DA:32,53
DA:33,53
LF:32
LH:32
BRF:0
BRH:0
end_of_record
TN:
SF:src\utils\simulateWealthWithEvents.ts
FN:15,simulateWealthWithEvents
FN:28,(anonymous_1)
FN:36,(anonymous_2)
FNF:3
FNH:3
FNDA:17,simulateWealthWithEvents
FNDA:10,(anonymous_1)
FNDA:2388,(anonymous_2)
DA:15,12
DA:21,17
DA:22,17
DA:23,17
DA:25,17
DA:28,17
DA:29,10
DA:30,10
DA:31,10
DA:32,10
DA:36,17
DA:37,2388
DA:38,2388
DA:39,2308
DA:41,1502
DA:42,19
DA:44,1483
DA:45,1335
DA:47,148
DA:48,148
DA:50,0
DA:53,17
DA:55,17
DA:56,355
DA:58,4260
DA:59,2388
DA:60,1347
DA:61,1347
DA:65,4260
DA:67,355
DA:70,17
LF:31
LH:30
BRDA:17,0,0,0
BRDA:18,1,0,0
BRDA:19,2,0,5
BRDA:23,3,0,0
BRDA:23,3,1,17
BRDA:23,4,0,17
BRDA:23,4,1,17
BRDA:29,5,0,8
BRDA:29,5,1,2
BRDA:31,6,0,2
BRDA:31,6,1,8
BRDA:38,7,0,80
BRDA:38,7,1,2308
BRDA:39,8,0,806
BRDA:39,8,1,1502
BRDA:39,9,0,2308
BRDA:39,9,1,864
BRDA:41,10,0,19
BRDA:41,10,1,1483
BRDA:42,11,0,19
BRDA:42,11,1,7
BRDA:44,12,0,1335
BRDA:44,12,1,148
BRDA:47,13,0,148
BRDA:47,13,1,0
BRDA:59,14,0,1347
BRDA:59,14,1,1041
BRDA:61,15,0,24
BRDA:61,15,1,1323
BRF:29
BRH:25
end_of_record
